# JRE version: Java(TM) SE Runtime Environment (10.0.1+10) (build 10.0.1+10)
# Java VM: Java HotSpot(TM) 64-Bit Server VM (10.0.1+10, mixed mode, tiered, compressed oops, g1 gc, windows-amd64)
Heap:
 garbage-first heap   total 110592K, used 44151K [0x00000005c0a00000, 0x00000007c0000000)
  region size 2048K, 4 young (8192K), 1 survivors (2048K)
 Metaspace       used 69026K, capacity 70964K, committed 71196K, reserved 1112064K
  class space    used 8326K, capacity 8965K, committed 9032K, reserved 1048576K
GC Heap History (10 events):
Event: 791.468 GC heap before
{Heap before GC invocations=49 (full 2):
 garbage-first heap   total 110592K, used 86928K [0x00000005c0a00000, 0x00000007c0000000)
  region size 2048K, 24 young (49152K), 1 survivors (2048K)
 Metaspace       used 69011K, capacity 70958K, committed 71196K, reserved 1112064K
  class space    used 8324K, capacity 8964K, committed 9032K, reserved 1048576K
}
Event: 791.469 GC heap after
{Heap after GC invocations=50 (full 2):
 garbage-first heap   total 110592K, used 39972K [0x00000005c0a00000, 0x00000007c0000000)
  region size 2048K, 1 young (2048K), 1 survivors (2048K)
 Metaspace       used 69011K, capacity 70958K, committed 71196K, reserved 1112064K
  class space    used 8324K, capacity 8964K, committed 9032K, reserved 1048576K
}
Event: 820.771 GC heap before
{Heap before GC invocations=50 (full 2):
 garbage-first heap   total 110592K, used 87076K [0x00000005c0a00000, 0x00000007c0000000)
  region size 2048K, 24 young (49152K), 1 survivors (2048K)
 Metaspace       used 69011K, capacity 70958K, committed 71196K, reserved 1112064K
  class space    used 8324K, capacity 8964K, committed 9032K, reserved 1048576K
}
Event: 820.773 GC heap after
{Heap after GC invocations=51 (full 2):
 garbage-first heap   total 110592K, used 40005K [0x00000005c0a00000, 0x00000007c0000000)
  region size 2048K, 1 young (2048K), 1 survivors (2048K)
 Metaspace       used 69011K, capacity 70958K, committed 71196K, reserved 1112064K
  class space    used 8324K, capacity 8964K, committed 9032K, reserved 1048576K
}
Event: 849.581 GC heap before
{Heap before GC invocations=51 (full 2):
 garbage-first heap   total 110592K, used 87109K [0x00000005c0a00000, 0x00000007c0000000)
  region size 2048K, 24 young (49152K), 1 survivors (2048K)
 Metaspace       used 69011K, capacity 70958K, committed 71196K, reserved 1112064K
  class space    used 8324K, capacity 8964K, committed 9032K, reserved 1048576K
}
Event: 849.583 GC heap after
{Heap after GC invocations=52 (full 2):
 garbage-first heap   total 110592K, used 40010K [0x00000005c0a00000, 0x00000007c0000000)
  region size 2048K, 1 young (2048K), 1 survivors (2048K)
 Metaspace       used 69011K, capacity 70958K, committed 71196K, reserved 1112064K
  class space    used 8324K, capacity 8964K, committed 9032K, reserved 1048576K
}
Event: 875.840 GC heap before
{Heap before GC invocations=52 (full 2):
 garbage-first heap   total 110592K, used 87114K [0x00000005c0a00000, 0x00000007c0000000)
  region size 2048K, 24 young (49152K), 1 survivors (2048K)
 Metaspace       used 69013K, capacity 70964K, committed 71196K, reserved 1112064K
  class space    used 8324K, capacity 8965K, committed 9032K, reserved 1048576K
}
Event: 875.841 GC heap after
{Heap after GC invocations=53 (full 2):
 garbage-first heap   total 110592K, used 40054K [0x00000005c0a00000, 0x00000007c0000000)
  region size 2048K, 1 young (2048K), 1 survivors (2048K)
 Metaspace       used 69013K, capacity 70964K, committed 71196K, reserved 1112064K
  class space    used 8324K, capacity 8965K, committed 9032K, reserved 1048576K
}
Event: 904.266 GC heap before
{Heap before GC invocations=53 (full 2):
 garbage-first heap   total 110592K, used 87158K [0x00000005c0a00000, 0x00000007c0000000)
  region size 2048K, 24 young (49152K), 1 survivors (2048K)
 Metaspace       used 69014K, capacity 70964K, committed 71196K, reserved 1112064K
  class space    used 8324K, capacity 8965K, committed 9032K, reserved 1048576K
}
Event: 904.268 GC heap after
{Heap after GC invocations=54 (full 2):
 garbage-first heap   total 110592K, used 40055K [0x00000005c0a00000, 0x00000007c0000000)
  region size 2048K, 1 young (2048K), 1 survivors (2048K)
 Metaspace       used 69014K, capacity 70964K, committed 71196K, reserved 1112064K
  class space    used 8324K, capacity 8965K, committed 9032K, reserved 1048576K
}

